<?xml version="1.0" encoding="UTF-8"?>
<!-- Generated by org.testng.reporters.JUnitReportReporter -->
<testsuite hostname="DESKTOP-TQITTE4" failures="0" tests="1" name="com.crm.sdet.organization.CreateOrganizationTest" time="11.791" errors="0" timestamp="2022-08-11T13:17:59 IST" skipped="0">
  <testcase classname="com.crm.sdet.organization.CreateOrganizationTest" name="createOrganization" time="11.791"/>
  <system-out/>
</testsuite> <!-- com.crm.sdet.organization.CreateOrganizationTest -->
