<?xml version="1.0" encoding="UTF-8"?>
<!-- Generated by org.testng.reporters.JUnitReportReporter -->
<testsuite hostname="DESKTOP-TQITTE4" failures="0" tests="1" name="com.crm.sdet.Campaign.CreateCampaignTest" time="11.111" errors="0" timestamp="2022-08-11T13:37:30 IST" skipped="0">
  <testcase classname="com.crm.sdet.Campaign.CreateCampaignTest" name="createCampaign" time="11.111"/>
  <system-out/>
</testsuite> <!-- com.crm.sdet.Campaign.CreateCampaignTest -->
