<?xml version="1.0" encoding="UTF-8"?>
<!-- Generated by org.testng.reporters.JUnitReportReporter -->
<testsuite hostname="DESKTOP-TQITTE4" failures="0" tests="4" name="practice.sample1" time="0.012" errors="0" timestamp="2022-08-03T14:45:16 IST" skipped="0">
  <testcase classname="practice.sample1" name="bikeName" time="0.008"/>
  <system-out/>
  <testcase classname="practice.sample1" name="bikeName" time="0.001"/>
  <system-out/>
  <testcase classname="practice.sample1" name="bikeName" time="0.001"/>
  <system-out/>
  <testcase classname="practice.sample1" name="modifyBike" time="0.002"/>
  <system-out/>
</testsuite> <!-- practice.sample1 -->
