<?xml version="1.0" encoding="UTF-8"?>
<!-- Generated by org.testng.reporters.JUnitReportReporter -->
<testsuite hostname="DESKTOP-TQITTE4" failures="0" tests="1" name="practice.GmailAutomationTest" time="6.269" errors="0" timestamp="2022-08-20T02:08:50 IST" skipped="0">
  <testcase classname="practice.GmailAutomationTest" name="gmailAutomationTest" time="6.269"/>
  <system-out/>
</testsuite> <!-- practice.GmailAutomationTest -->
