<?xml version="1.0" encoding="UTF-8"?>
<!-- Generated by org.testng.reporters.JUnitReportReporter -->
<testsuite hostname="DESKTOP-TQITTE4" failures="0" tests="1" name="com.crm.sdet.Campaign.CreateCampaignWithProductTest" time="21.103" errors="0" timestamp="2022-08-11T13:17:34 IST" skipped="0">
  <testcase classname="com.crm.sdet.Campaign.CreateCampaignWithProductTest" name="createCampaignWithProduct" time="21.103"/>
  <system-out/>
</testsuite> <!-- com.crm.sdet.Campaign.CreateCampaignWithProductTest -->
