<?xml version="1.0" encoding="UTF-8"?>
<!-- Generated by org.testng.reporters.JUnitReportReporter -->
<testsuite hostname="DESKTOP-TQITTE4" failures="0" tests="1" name="com.crm.sdet.Product.CreateDeleteProductTest" time="13.308" errors="0" timestamp="2022-08-11T13:18:52 IST" skipped="0">
  <testcase classname="com.crm.sdet.Product.CreateDeleteProductTest" name="createDeleteProduct" time="13.308"/>
  <system-out/>
</testsuite> <!-- com.crm.sdet.Product.CreateDeleteProductTest -->
