<?xml version="1.0" encoding="UTF-8"?>
<!-- Generated by org.testng.reporters.JUnitReportReporter -->
<testsuite hostname="DESKTOP-TQITTE4" failures="0" tests="2" name="practice.Demo" time="0.011" errors="0" timestamp="2022-08-11T13:19:21 IST" skipped="0">
  <testcase classname="practice.Demo" name="createContact" time="0.009"/>
  <system-out/>
  <testcase classname="practice.Demo" name="modifyContact" time="0.002"/>
  <system-out/>
</testsuite> <!-- practice.Demo -->
