<?xml version="1.0" encoding="UTF-8"?>
<!-- Generated by org.testng.reporters.JUnitReportReporter -->
<testsuite hostname="DESKTOP-TQITTE4" failures="0" tests="1" name="com.crm.sdet.Product.CreateProductTest" time="37.713" errors="0" timestamp="2022-08-18T22:57:22 IST" skipped="0">
  <testcase classname="com.crm.sdet.Product.CreateProductTest" name="createProduct" time="37.713"/>
  <system-out/>
</testsuite> <!-- com.crm.sdet.Product.CreateProductTest -->
