<?xml version="1.0" encoding="UTF-8"?>
<!-- Generated by org.testng.reporters.JUnitReportReporter -->
<testsuite hostname="DESKTOP-TQITTE4" failures="0" tests="5" name="practice.DataProviderTest" time="0.009" errors="0" timestamp="2023-02-26T23:20:42 IST" skipped="0">
  <testcase classname="practice.DataProviderTest" name="bookTicket" time="0.001"/>
  <system-out/>
  <testcase classname="practice.DataProviderTest" name="bookTicket" time="0.006"/>
  <system-out/>
  <testcase classname="practice.DataProviderTest" name="bookTicket" time="0.000"/>
  <system-out/>
  <testcase classname="practice.DataProviderTest" name="bookTicket" time="0.001"/>
  <system-out/>
  <testcase classname="practice.DataProviderTest" name="bookTicket" time="0.001"/>
  <system-out/>
</testsuite> <!-- practice.DataProviderTest -->
