<?xml version="1.0" encoding="UTF-8"?>
<!-- Generated by org.testng.reporters.JUnitReportReporter -->
<testsuite hostname="DESKTOP-TQITTE4" failures="0" tests="1" name="practice.Sample" time="0.001" errors="0" timestamp="2022-08-08T12:57:01 IST" skipped="0">
  <testcase classname="practice.Sample" name="createContact" time="0.001"/>
  <system-out/>
</testsuite> <!-- practice.Sample -->
