<?xml version="1.0" encoding="UTF-8"?>
<!-- Generated by org.testng.reporters.JUnitReportReporter -->
<testsuite hostname="DESKTOP-TQITTE4" failures="0" tests="1" name="com.crm.sdet.Campaign.CreateCampaignWithProductTest" time="29.754" errors="0" timestamp="2022-09-01T10:38:49 IST" skipped="0">
  <testcase classname="com.crm.sdet.Campaign.CreateCampaignWithProductTest" name="createCampaignWithProduct" time="29.754"/>
  <system-out/>
</testsuite> <!-- com.crm.sdet.Campaign.CreateCampaignWithProductTest -->
